Build started 25.02.2015 16:51:49.
     1>Project "D:\RESTORE_FILES\Projects\D3D11Lessons\D3D11_Chapter_PhysX\D3D11_Chapter_PhysX\D3D11_Chapter_PhysX.vcxproj" on node 2 (build target(s)).
     1>InitializeBuildStatus:
         Touching "Debug\D3D11_Chapter_PhysX.unsuccessfulbuild".
       ClCompile:
         d:\RESTORE_FILES\Microsoft Visual Studio 10.0\VC\bin\CL.exe /c /ID:\RESTORE_FILES\PhysX\3.3.2\Include /ZI /nologo /W3 /WX- /Od /Oy- /D WIN32 /D _DEBUG /D _CONSOLE /D _UNICODE /D UNICODE /Gm /EHsc /RTC1 /MDd /GS /fp:precise /Zc:wchar_t /Zc:forScope /Fo"Debug\\" /Fd"Debug\vc100.pdb" /Gd /TP /analyze- /errorReport:prompt Render.cpp
         Render.cpp
       ManifestResourceCompile:
         All outputs are up-to-date.
       Link:
         d:\RESTORE_FILES\Microsoft Visual Studio 10.0\VC\bin\link.exe /ERRORREPORT:PROMPT /OUT:"D:\RESTORE_FILES\Projects\D3D11Lessons\D3D11_Chapter_PhysX\Debug\D3D11_Chapter_PhysX.exe" /INCREMENTAL /NOLOGO /LIBPATH:D:\RESTORE_FILES\PhysX\3.3.2\Lib\vc10win32 PhysX3DEBUG_x86.lib PhysX3CommonDEBUG_x86.lib PhysX3CookingDEBUG_x86.lib PhysX3ExtensionsDEBUG.lib PhysX3CharacterKinematicDEBUG_x86.lib PxTaskDEBUG.lib PhysXProfileSDKDEBUG.lib d3d11.lib d3dx11.lib d3d9.lib kernel32.lib user32.lib gdi32.lib winspool.lib comdlg32.lib advapi32.lib shell32.lib ole32.lib oleaut32.lib uuid.lib odbc32.lib odbccp32.lib d3d9.lib kernel32.lib user32.lib gdi32.lib winspool.lib comdlg32.lib advapi32.lib shell32.lib ole32.lib oleaut32.lib uuid.lib odbc32.lib odbccp32.lib kernel32.lib user32.lib gdi32.lib winspool.lib comdlg32.lib advapi32.lib shell32.lib ole32.lib oleaut32.lib uuid.lib odbc32.lib odbccp32.lib /MANIFEST /ManifestFile:"Debug\D3D11_Chapter_PhysX.exe.intermediate.manifest" /MANIFESTUAC:"level='asInvoker' uiAccess='false'" /DEBUG /PDB:"D:\RESTORE_FILES\Projects\D3D11Lessons\D3D11_Chapter_PhysX\Debug\D3D11_Chapter_PhysX.pdb" /SUBSYSTEM:CONSOLE /TLBID:1 /DYNAMICBASE /NXCOMPAT /IMPLIB:"D:\RESTORE_FILES\Projects\D3D11Lessons\D3D11_Chapter_PhysX\Debug\D3D11_Chapter_PhysX.lib" /MACHINE:X86 Debug\D3D11_Chapter_PhysX.exe.embed.manifest.res
         Debug\Actor.obj
         Debug\BitmapFont.obj
         Debug\Buffer.obj
         Debug\Fps.obj
         Debug\Framework.obj
         Debug\InputMgr.obj
         Debug\Log.obj
         Debug\main.obj
         Debug\NewRender.obj
         Debug\Physics.obj
         Debug\PhysXError.obj
         Debug\Render.obj
         Debug\Scene.obj
         Debug\Shader.obj
         Debug\Stepper.obj
         Debug\Text.obj
         Debug\TextManager.obj
         Debug\Window.obj
       Manifest:
         C:\Program Files (x86)\Microsoft SDKs\Windows\v7.0A\bin\mt.exe /nologo /verbose /out:"Debug\D3D11_Chapter_PhysX.exe.embed.manifest" /manifest Debug\D3D11_Chapter_PhysX.exe.intermediate.manifest
         All outputs are up-to-date.
       LinkEmbedManifest:
         All outputs are up-to-date.
         D3D11_Chapter_PhysX.vcxproj -> D:\RESTORE_FILES\Projects\D3D11Lessons\D3D11_Chapter_PhysX\Debug\D3D11_Chapter_PhysX.exe
       FinalizeBuildStatus:
         Deleting file "Debug\D3D11_Chapter_PhysX.unsuccessfulbuild".
         Touching "Debug\D3D11_Chapter_PhysX.lastbuildstate".
     1>Done Building Project "D:\RESTORE_FILES\Projects\D3D11Lessons\D3D11_Chapter_PhysX\D3D11_Chapter_PhysX\D3D11_Chapter_PhysX.vcxproj" (build target(s)).

Build succeeded.

Time Elapsed 00:00:02.60
